<?xml version="1.0" encoding="UTF-8"?>
<!-- Generated by org.testng.reporters.JUnitReportReporter -->
<testsuite hostname="sushant" failures="0" tests="1" name="prcticeTestDataProvider.GetProductInfo_AmazonTest" time="4.819" errors="0" timestamp="2025-03-10T11:19:40 IST" skipped="0">
  <testcase classname="prcticeTestDataProvider.GetProductInfo_AmazonTest" name="getProductInfoTest" time="4.819"/>
  <system-out/>
</testsuite> <!-- prcticeTestDataProvider.GetProductInfo_AmazonTest -->
